27-May-2023 09:39:16.142 INFO [main] org.apache.catalina.startup.VersionLoggerListener.log Nombre de la versión del servidor: Apache Tomcat/10.1.9
27-May-2023 09:39:16.157 INFO [main] org.apache.catalina.startup.VersionLoggerListener.log Server built:                      May 9 2023 14:30:05 UTC
27-May-2023 09:39:16.157 INFO [main] org.apache.catalina.startup.VersionLoggerListener.log Número de versión de servidor:     10.1.9.0
27-May-2023 09:39:16.157 INFO [main] org.apache.catalina.startup.VersionLoggerListener.log OS Name:                           Windows 11
27-May-2023 09:39:16.157 INFO [main] org.apache.catalina.startup.VersionLoggerListener.log Versión de Systema Operativo:      10.0
27-May-2023 09:39:16.157 INFO [main] org.apache.catalina.startup.VersionLoggerListener.log Arquitectura:                      amd64
27-May-2023 09:39:16.159 INFO [main] org.apache.catalina.startup.VersionLoggerListener.log Java Home:                         C:\Program Files\Java\jdk-17
27-May-2023 09:39:16.159 INFO [main] org.apache.catalina.startup.VersionLoggerListener.log JVM Version:                       17.0.6+9-LTS-190
27-May-2023 09:39:16.159 INFO [main] org.apache.catalina.startup.VersionLoggerListener.log Vededor JVM:                       Oracle Corporation
27-May-2023 09:39:16.159 INFO [main] org.apache.catalina.startup.VersionLoggerListener.log CATALINA_BASE:                     C:\Users\Lila\Documents\Esteso\ProyectoDAW\apache-tomcat-10.1.9
27-May-2023 09:39:16.159 INFO [main] org.apache.catalina.startup.VersionLoggerListener.log CATALINA_HOME:                     C:\Users\Lila\Documents\Esteso\ProyectoDAW\apache-tomcat-10.1.9
27-May-2023 09:39:16.311 INFO [main] org.apache.catalina.startup.VersionLoggerListener.log Command line argument:             -Djava.util.logging.config.file=C:\Users\Lila\Documents\Esteso\ProyectoDAW\apache-tomcat-10.1.9\conf\logging.properties
27-May-2023 09:39:16.312 INFO [main] org.apache.catalina.startup.VersionLoggerListener.log Command line argument:             -Djava.util.logging.manager=org.apache.juli.ClassLoaderLogManager
27-May-2023 09:39:16.312 INFO [main] org.apache.catalina.startup.VersionLoggerListener.log Command line argument:             -Djdk.tls.ephemeralDHKeySize=2048
27-May-2023 09:39:16.312 INFO [main] org.apache.catalina.startup.VersionLoggerListener.log Command line argument:             -Djava.protocol.handler.pkgs=org.apache.catalina.webresources
27-May-2023 09:39:16.312 INFO [main] org.apache.catalina.startup.VersionLoggerListener.log Command line argument:             --add-opens=java.base/java.lang=ALL-UNNAMED
27-May-2023 09:39:16.312 INFO [main] org.apache.catalina.startup.VersionLoggerListener.log Command line argument:             --add-opens=java.base/java.io=ALL-UNNAMED
27-May-2023 09:39:16.313 INFO [main] org.apache.catalina.startup.VersionLoggerListener.log Command line argument:             --add-opens=java.base/java.util=ALL-UNNAMED
27-May-2023 09:39:16.313 INFO [main] org.apache.catalina.startup.VersionLoggerListener.log Command line argument:             --add-opens=java.base/java.util.concurrent=ALL-UNNAMED
27-May-2023 09:39:16.313 INFO [main] org.apache.catalina.startup.VersionLoggerListener.log Command line argument:             --add-opens=java.rmi/sun.rmi.transport=ALL-UNNAMED
27-May-2023 09:39:16.313 INFO [main] org.apache.catalina.startup.VersionLoggerListener.log Command line argument:             -Dcatalina.base=C:\Users\Lila\Documents\Esteso\ProyectoDAW\apache-tomcat-10.1.9
27-May-2023 09:39:16.313 INFO [main] org.apache.catalina.startup.VersionLoggerListener.log Command line argument:             -Dcatalina.home=C:\Users\Lila\Documents\Esteso\ProyectoDAW\apache-tomcat-10.1.9
27-May-2023 09:39:16.313 INFO [main] org.apache.catalina.startup.VersionLoggerListener.log Command line argument:             -Djava.io.tmpdir=C:\Users\Lila\Documents\Esteso\ProyectoDAW\apache-tomcat-10.1.9\temp
27-May-2023 09:39:16.319 INFO [main] org.apache.catalina.core.AprLifecycleListener.lifecycleEvent La biblioteca nativa de Apache Tomcat basada en ARP que permite un rendimiento óptimo en entornos de desarrollo no ha sido hallada en java.library.path: [C:\Program Files\Java\jdk-17\bin;C:\WINDOWS\Sun\Java\bin;C:\WINDOWS\system32;C:\WINDOWS;C:\Program Files\Common Files\Oracle\Java\javapath;C:\Windows\system32;C:\Windows;C:\Windows\System32\Wbem;C:\Windows\System32\WindowsPowerShell\v1.0\;C:\Windows\System32\OpenSSH\;C:\Program Files\dotnet\;C:\Program Files (x86)\NVIDIA Corporation\PhysX\Common;C:\Program Files\Git\cmd;C:\Program Files\Microsoft SQL Server\150\Tools\Binn\;C:\Program Files\Microsoft SQL Server\Client SDK\ODBC\170\Tools\Binn\;C:\Program Files\nodejs\;C:\Program Files (x86)\Microsoft SQL Server\150\Tools\Binn\;C:\Program Files\Microsoft SQL Server\150\DTS\Binn\;C:\Program Files (x86)\Microsoft SQL Server\150\DTS\Binn\;C:\Program Files\Azure Data Studio\bin;C:\Program Files\PuTTY\;C:\ProgramData\ComposerSetup\bin;C:\WINDOWS\system32;C:\WINDOWS;C:\WINDOWS\System32\Wbem;C:\WINDOWS\System32\WindowsPowerShell\v1.0\;C:\WINDOWS\System32\OpenSSH\;C:\Program Files\Docker\Docker\resources\bin;C:\Program Files\MySQL\MySQL Shell 8.0\bin\;C:\Users\Lila\scoop\shims;C:\Users\Lila\AppData\Local\Microsoft\WindowsApps;C:\Users\Lila\.dotnet\tools;C:\Users\Lila\AppData\Local\Programs\Microsoft VS Code\bin;C:\Users\Lila\AppData\Roaming\npm;D:\xampp\php;C:\Users\Lila\AppData\Local\ComposerSetup\bin;C:\Users\Lila\AppData\Roaming\Composer\vendor\bin;C:\Users\Lila\AppData\Local\Microsoft\WindowsApps;.]
27-May-2023 09:39:16.615 INFO [main] org.apache.coyote.AbstractProtocol.init Inicializando el manejador de protocolo ["http-nio-8080"]

27-May-2023 09:39:16.851 INFO [main] org.apache.catalina.startup.Catalina.load Server initialization in [1113] milliseconds
27-May-2023 09:39:16.903 INFO [main] org.apache.catalina.core.StandardService.startInternal Arrancando servicio [Catalina]
27-May-2023 09:39:16.904 INFO [main] org.apache.catalina.core.StandardEngine.startInternal Starting Servlet engine: [Apache Tomcat/10.1.9]
27-May-2023 09:39:16.960 INFO [main] org.apache.catalina.startup.HostConfig.deployWAR Despliegue del archivo [C:\Users\Lila\Documents\Esteso\ProyectoDAW\apache-tomcat-10.1.9\webapps\daw.war] de la aplicación web
27-May-2023 09:39:21.791 INFO [main] org.apache.jasper.servlet.TldScanner.scanJars Al menos un JAR, que se ha explorado buscando TLDs, aún no contenía TLDs. Activar historial de depuración para este historiador para una completa lista de los JARs que fueron explorados y de los que nos se halló TLDs. Saltarse JARs no necesarios durante la exploración puede dar lugar a una mejora de tiempo significativa en el arranque y compilación de JSP .
27-May-2023 09:39:32.595 INFO [main] org.apache.catalina.startup.HostConfig.deployWAR Deployment of web application archive [C:\Users\Lila\Documents\Esteso\ProyectoDAW\apache-tomcat-10.1.9\webapps\daw.war] has finished in [15.450] ms
27-May-2023 09:39:32.597 INFO [main] org.apache.catalina.startup.HostConfig.deployDirectory Desplegando el directorio [C:\Users\Lila\Documents\Esteso\ProyectoDAW\apache-tomcat-10.1.9\webapps\docs] de la aplicación web
27-May-2023 09:39:32.942 INFO [main] org.apache.jasper.servlet.TldScanner.scanJars Al menos un JAR, que se ha explorado buscando TLDs, aún no contenía TLDs. Activar historial de depuración para este historiador para una completa lista de los JARs que fueron explorados y de los que nos se halló TLDs. Saltarse JARs no necesarios durante la exploración puede dar lugar a una mejora de tiempo significativa en el arranque y compilación de JSP .
27-May-2023 09:39:32.947 INFO [main] org.apache.catalina.startup.HostConfig.deployDirectory Deployment of web application directory [C:\Users\Lila\Documents\Esteso\ProyectoDAW\apache-tomcat-10.1.9\webapps\docs] has finished in [350] ms
27-May-2023 09:39:32.947 INFO [main] org.apache.catalina.startup.HostConfig.deployDirectory Desplegando el directorio [C:\Users\Lila\Documents\Esteso\ProyectoDAW\apache-tomcat-10.1.9\webapps\examples] de la aplicación web
27-May-2023 09:39:33.518 INFO [main] org.apache.jasper.servlet.TldScanner.scanJars Al menos un JAR, que se ha explorado buscando TLDs, aún no contenía TLDs. Activar historial de depuración para este historiador para una completa lista de los JARs que fueron explorados y de los que nos se halló TLDs. Saltarse JARs no necesarios durante la exploración puede dar lugar a una mejora de tiempo significativa en el arranque y compilación de JSP .
27-May-2023 09:39:33.580 INFO [main] org.apache.catalina.startup.HostConfig.deployDirectory Deployment of web application directory [C:\Users\Lila\Documents\Esteso\ProyectoDAW\apache-tomcat-10.1.9\webapps\examples] has finished in [633] ms
27-May-2023 09:39:33.580 INFO [main] org.apache.catalina.startup.HostConfig.deployDirectory Desplegando el directorio [C:\Users\Lila\Documents\Esteso\ProyectoDAW\apache-tomcat-10.1.9\webapps\host-manager] de la aplicación web
27-May-2023 09:39:33.907 INFO [main] org.apache.jasper.servlet.TldScanner.scanJars Al menos un JAR, que se ha explorado buscando TLDs, aún no contenía TLDs. Activar historial de depuración para este historiador para una completa lista de los JARs que fueron explorados y de los que nos se halló TLDs. Saltarse JARs no necesarios durante la exploración puede dar lugar a una mejora de tiempo significativa en el arranque y compilación de JSP .
27-May-2023 09:39:33.915 INFO [main] org.apache.catalina.startup.HostConfig.deployDirectory Deployment of web application directory [C:\Users\Lila\Documents\Esteso\ProyectoDAW\apache-tomcat-10.1.9\webapps\host-manager] has finished in [335] ms
27-May-2023 09:39:33.916 INFO [main] org.apache.catalina.startup.HostConfig.deployDirectory Desplegando el directorio [C:\Users\Lila\Documents\Esteso\ProyectoDAW\apache-tomcat-10.1.9\webapps\manager] de la aplicación web
27-May-2023 09:39:34.422 INFO [main] org.apache.jasper.servlet.TldScanner.scanJars Al menos un JAR, que se ha explorado buscando TLDs, aún no contenía TLDs. Activar historial de depuración para este historiador para una completa lista de los JARs que fueron explorados y de los que nos se halló TLDs. Saltarse JARs no necesarios durante la exploración puede dar lugar a una mejora de tiempo significativa en el arranque y compilación de JSP .
27-May-2023 09:39:34.429 INFO [main] org.apache.catalina.startup.HostConfig.deployDirectory Deployment of web application directory [C:\Users\Lila\Documents\Esteso\ProyectoDAW\apache-tomcat-10.1.9\webapps\manager] has finished in [513] ms
27-May-2023 09:39:34.430 INFO [main] org.apache.catalina.startup.HostConfig.deployDirectory Desplegando el directorio [C:\Users\Lila\Documents\Esteso\ProyectoDAW\apache-tomcat-10.1.9\webapps\ROOT] de la aplicación web
27-May-2023 09:39:35.251 INFO [main] org.apache.jasper.servlet.TldScanner.scanJars Al menos un JAR, que se ha explorado buscando TLDs, aún no contenía TLDs. Activar historial de depuración para este historiador para una completa lista de los JARs que fueron explorados y de los que nos se halló TLDs. Saltarse JARs no necesarios durante la exploración puede dar lugar a una mejora de tiempo significativa en el arranque y compilación de JSP .
27-May-2023 09:39:35.254 INFO [main] org.apache.catalina.startup.HostConfig.deployDirectory Deployment of web application directory [C:\Users\Lila\Documents\Esteso\ProyectoDAW\apache-tomcat-10.1.9\webapps\ROOT] has finished in [824] ms
27-May-2023 09:39:35.257 INFO [main] org.apache.coyote.AbstractProtocol.start Starting ProtocolHandler ["http-nio-8080"]
27-May-2023 09:39:35.322 INFO [main] org.apache.catalina.startup.Catalina.start Server startup in [18469] milliseconds
27-May-2023 09:40:03.544 INFO [main] org.apache.catalina.core.StandardServer.await Se ha recibido un comando de apagado a través del puerto de apagado. Parando la instancia del Servidor.
27-May-2023 09:40:03.545 INFO [main] org.apache.coyote.AbstractProtocol.pause Pausing ProtocolHandler ["http-nio-8080"]
27-May-2023 09:40:03.549 INFO [main] org.apache.catalina.core.StandardService.stopInternal Parando servicio [Catalina]
27-May-2023 09:40:03.752 WARNING [main] org.apache.catalina.loader.WebappClassLoaderBase.clearReferencesThreads The web application [daw] appears to have started a thread named [mysql-cj-abandoned-connection-cleanup] but has failed to stop it. This is very likely to create a memory leak. Stack trace of thread:
 java.base@17.0.6/java.lang.Object.wait(Native Method)
 java.base@17.0.6/java.lang.ref.ReferenceQueue.remove(ReferenceQueue.java:155)
 com.mysql.cj.jdbc.AbandonedConnectionCleanupThread.run(AbandonedConnectionCleanupThread.java:91)
 java.base@17.0.6/java.util.concurrent.ThreadPoolExecutor.runWorker(ThreadPoolExecutor.java:1136)
 java.base@17.0.6/java.util.concurrent.ThreadPoolExecutor$Worker.run(ThreadPoolExecutor.java:635)
 java.base@17.0.6/java.lang.Thread.run(Thread.java:833)
27-May-2023 09:40:03.757 INFO [main] org.apache.coyote.AbstractProtocol.stop Stopping ProtocolHandler ["http-nio-8080"]
27-May-2023 09:40:03.768 INFO [main] org.apache.coyote.AbstractProtocol.destroy Destroying ProtocolHandler ["http-nio-8080"]
